<?xml version="1.0" encoding="UTF-8"?>
<!-- Generated by org.testng.reporters.JUnitXMLReporter -->
<testsuite ignored="0" hostname="LAPTOP-9SLE8TDA" failures="0" tests="10" name="Default test" time="44.91" errors="0" timestamp="2026-04-07T10:57:23 IST">
  <testcase classname="testcase.Home" name="verifyPageLoad" time="0.079"/>
  <testcase classname="testcase.Home" name="verifyTitle" time="0.03"/>
  <testcase classname="testcase.Home" name="verifyHeader" time="0.109"/>
  <testcase classname="testcase.Home" name="capturecookies" time="0.037"/>
  <testcase classname="testcase.Home" name="scrollTillBottom" time="0.023"/>
  <testcase classname="testcase.Home" name="alllinks" time="1.723"/>
  <testcase classname="testcase.Home" name="testLinksNavigation" time="4.768"/>
  <testcase classname="testcase.Home" name="validateCoursePrice" time="1.29"/>
  <testcase classname="testcase.Home" name="validateCoursePrice" time="1.121"/>
  <testcase classname="testcase.Home" name="validateCoursePrice" time="1.286"/>
</testsuite> <!-- Default test -->
