<?xml version="1.0" encoding="UTF-8"?>
<!-- Generated by org.testng.reporters.JUnitXMLReporter -->
<testsuite ignored="0" hostname="LAPTOP-9SLE8TDA" failures="0" tests="5" name="Default test" time="34.725" errors="0" timestamp="2026-04-06T15:42:31 IST">
  <testcase classname="testcase.Terms" name="verifyPageLoad" time="0.096"/>
  <testcase classname="testcase.Terms" name="verifyTitle" time="0.026"/>
  <testcase classname="testcase.Terms" name="verifyHeader" time="0.122"/>
  <testcase classname="testcase.Terms" name="capturecookies" time="0.041"/>
  <testcase classname="testcase.Terms" name="scrollTillBottom" time="3.034"/>
</testsuite> <!-- Default test -->
