<?xml version="1.0" encoding="UTF-8"?>
<!-- Generated by org.testng.reporters.JUnitReportReporter -->
<testsuite hostname="LAPTOP-9SLE8TDA" failures="0" tests="3" name="Forgot_password.dataprovider" time="20.169" errors="0" timestamp="2026-02-20T13:29:52 IST" skipped="0">
  <testcase classname="Forgot_password.dataprovider" name="forgotpassword" time="5.279"/>
  <testcase classname="Forgot_password.dataprovider" name="forgotpassword" time="9.720"/>
  <testcase classname="Forgot_password.dataprovider" name="forgotpassword" time="5.170"/>
</testsuite> <!-- Forgot_password.dataprovider -->
