<?xml version="1.0" encoding="UTF-8"?>
<!-- Generated by org.testng.reporters.JUnitReportReporter -->
<testsuite hostname="LAPTOP-9SLE8TDA" failures="0" tests="5" name="footer_section.Terms" time="37.305" errors="0" timestamp="2026-02-25T15:49:21 IST" skipped="0">
  <testcase classname="footer_section.Terms" name="verifyPageLoad" time="5.980"/>
  <testcase classname="footer_section.Terms" name="verifyTitle" time="9.352"/>
  <testcase classname="footer_section.Terms" name="verifyHeader" time="6.084"/>
  <testcase classname="footer_section.Terms" name="capturecookies" time="6.575"/>
  <testcase classname="footer_section.Terms" name="scrollTillBottom" time="9.314"/>
</testsuite> <!-- footer_section.Terms -->
