<?xml version="1.0" encoding="UTF-8"?>
<!-- Generated by org.testng.reporters.JUnitReportReporter -->
<testsuite hostname="LAPTOP-9SLE8TDA" failures="0" tests="4" name="Courses.Course_price" time="0.354" errors="0" timestamp="2026-03-30T13:36:52 IST" skipped="0">
  <testcase classname="Courses.Course_price" name="validateCoursePrice" time="0.039"/>
  <testcase classname="Courses.Course_price" name="validateCoursePrice" time="0.167"/>
  <testcase classname="Courses.Course_price" name="validateCoursePrice" time="0.085"/>
  <testcase classname="Courses.Course_price" name="validateCoursePrice" time="0.063"/>
</testsuite> <!-- Courses.Course_price -->
