<?xml version="1.0" encoding="UTF-8"?>
<!-- Generated by org.testng.reporters.JUnitReportReporter -->
<testsuite hostname="LAPTOP-9SLE8TDA" failures="0" tests="7" name="Courses.Course_page_tests" time="110.904" errors="0" timestamp="2026-03-30T13:00:02 IST" skipped="0">
  <testcase classname="Courses.Course_page_tests" name="verifyPageLoad" time="9.113"/>
  <testcase classname="Courses.Course_page_tests" name="verifyTitle" time="22.851"/>
  <testcase classname="Courses.Course_page_tests" name="verifyHeader" time="7.611"/>
  <testcase classname="Courses.Course_page_tests" name="capturecookies" time="8.596"/>
  <testcase classname="Courses.Course_page_tests" name="scrollTillBottom" time="9.951"/>
  <testcase classname="Courses.Course_page_tests" name="alllinks" time="7.048"/>
  <testcase classname="Courses.Course_page_tests" name="testLinksNavigation" time="45.734"/>
</testsuite> <!-- Courses.Course_page_tests -->
