<?xml version="1.0" encoding="UTF-8"?>
<!-- Generated by org.testng.reporters.JUnitReportReporter -->
<testsuite hostname="LAPTOP-9SLE8TDA" failures="0" tests="2" name="Signupsigncourses.dataprovider" time="60.298" errors="0" timestamp="2026-02-18T12:28:57 IST" skipped="0">
  <testcase classname="Signupsigncourses.dataprovider" name="register" time="32.161"/>
  <testcase classname="Signupsigncourses.dataprovider" name="register" time="28.137"/>
</testsuite> <!-- Signupsigncourses.dataprovider -->
