<?xml version="1.0" encoding="UTF-8"?>
<!-- Generated by org.testng.reporters.JUnitReportReporter -->
<testsuite hostname="LAPTOP-9SLE8TDA" failures="0" tests="5" name="footer_section.About_us_page" time="40.700" errors="0" timestamp="2026-02-25T10:28:50 IST" skipped="0">
  <testcase classname="footer_section.About_us_page" name="verifyPageLoad" time="10.817"/>
  <testcase classname="footer_section.About_us_page" name="verifyTitle" time="6.756"/>
  <testcase classname="footer_section.About_us_page" name="verifyHeader" time="6.538"/>
  <testcase classname="footer_section.About_us_page" name="verifycoursesButton" time="10.534"/>
  <testcase classname="footer_section.About_us_page" name="capturecookies" time="6.055"/>
</testsuite> <!-- footer_section.About_us_page -->
