<?xml version="1.0" encoding="UTF-8"?>
<!-- Generated by org.testng.reporters.JUnitReportReporter -->
<testsuite hostname="LAPTOP-9SLE8TDA" failures="0" tests="14" name="footer_section.Help_and_support" time="145.275" errors="0" timestamp="2026-02-25T15:28:21 IST" skipped="0">
  <testcase classname="footer_section.Help_and_support" name="verifyPageLoad" time="7.203"/>
  <testcase classname="footer_section.Help_and_support" name="verifyTitle" time="6.913"/>
  <testcase classname="footer_section.Help_and_support" name="verifyHeader" time="6.520"/>
  <testcase classname="footer_section.Help_and_support" name="verifywithvalidinputs" time="10.690"/>
  <testcase classname="footer_section.Help_and_support" name="emptyfields" time="9.526"/>
  <testcase classname="footer_section.Help_and_support" name="InvalidName" time="8.807"/>
  <testcase classname="footer_section.Help_and_support" name="invalidemail" time="9.131"/>
  <testcase classname="footer_section.Help_and_support" name="InvalidSubject1" time="8.862"/>
  <testcase classname="footer_section.Help_and_support" name="InvalidSubject" time="10.416"/>
  <testcase classname="footer_section.Help_and_support" name="FAquestion" time="14.066"/>
  <testcase classname="footer_section.Help_and_support" name="FAQanswer" time="12.438"/>
  <testcase classname="footer_section.Help_and_support" name="capturecookies" time="7.244"/>
  <testcase classname="footer_section.Help_and_support" name="scrollTillBottom" time="10.675"/>
  <testcase classname="footer_section.Help_and_support" name="testLinksNavigation" time="22.784"/>
</testsuite> <!-- footer_section.Help_and_support -->
