<?xml version="1.0" encoding="UTF-8"?>
<!-- Generated by org.testng.reporters.JUnitReportReporter -->
<testsuite hostname="LAPTOP-9SLE8TDA" failures="0" tests="6" name="footer_section.Navigation_footer_section" time="47.565" errors="0" timestamp="2026-02-24T15:39:20 IST" skipped="0">
  <testcase classname="footer_section.Navigation_footer_section" name="aboutusnavigation" time="9.583"/>
  <testcase classname="footer_section.Navigation_footer_section" name="contactusnavigation" time="7.315"/>
  <testcase classname="footer_section.Navigation_footer_section" name="Blogpagenavigation" time="8.601"/>
  <testcase classname="footer_section.Navigation_footer_section" name="helpandsupportnavigation" time="7.285"/>
  <testcase classname="footer_section.Navigation_footer_section" name="privacypolicynavigation" time="7.203"/>
  <testcase classname="footer_section.Navigation_footer_section" name="termsnavigation" time="7.578"/>
</testsuite> <!-- footer_section.Navigation_footer_section -->
