<?xml version="1.0" encoding="UTF-8"?>
<!-- Generated by org.testng.reporters.JUnitReportReporter -->
<testsuite hostname="LAPTOP-9SLE8TDA" failures="0" tests="5" name="footer_section.Blog_page" time="37.844" errors="0" timestamp="2026-02-25T12:33:05 IST" skipped="0">
  <testcase classname="footer_section.Blog_page" name="verifyPageLoad" time="9.391"/>
  <testcase classname="footer_section.Blog_page" name="verifyTitle" time="7.213"/>
  <testcase classname="footer_section.Blog_page" name="verifyHeader" time="6.202"/>
  <testcase classname="footer_section.Blog_page" name="verifyExplorecoursesButton" time="9.118"/>
  <testcase classname="footer_section.Blog_page" name="capturecookies" time="5.920"/>
</testsuite> <!-- footer_section.Blog_page -->
