<?xml version="1.0" encoding="UTF-8"?>
<!-- Generated by org.testng.reporters.JUnitReportReporter -->
<testsuite hostname="LAPTOP-9SLE8TDA" failures="0" tests="3" name="Loginpage.data_provider" time="3.213" errors="0" timestamp="2026-02-20T12:24:36 IST" skipped="0">
  <testcase classname="Loginpage.data_provider" name="inputdata" time="0.949"/>
  <testcase classname="Loginpage.data_provider" name="inputdata" time="0.670"/>
  <testcase classname="Loginpage.data_provider" name="inputdata" time="1.594"/>
</testsuite> <!-- Loginpage.data_provider -->
