<?xml version="1.0" encoding="UTF-8"?>
<!-- Generated by org.testng.reporters.JUnitReportReporter -->
<testsuite hostname="LAPTOP-9SLE8TDA" failures="0" tests="6" name="Courses.Course_page_tests" time="47.389" errors="0" timestamp="2026-04-06T12:29:25 IST" skipped="0">
  <testcase classname="Courses.Course_page_tests" name="validateCoursePrice" time="4.434"/>
  <testcase classname="Courses.Course_page_tests" name="validateCoursePrice" time="4.323"/>
  <testcase classname="Courses.Course_page_tests" name="validateCoursePrice" time="5.223"/>
  <testcase classname="Courses.Course_page_tests" name="validateCoursePrice" time="3.068"/>
  <testcase classname="Courses.Course_page_tests" name="verifyPageLoad" time="2.883"/>
  <testcase classname="Courses.Course_page_tests" name="verifyTitle" time="27.458"/>
</testsuite> <!-- Courses.Course_page_tests -->
