<?xml version="1.0" encoding="UTF-8"?>
<!-- Generated by org.testng.reporters.JUnitReportReporter -->
<testsuite hostname="LAPTOP-9SLE8TDA" failures="0" tests="7" name="Home_page.homepage_prygma" time="78.196" errors="0" timestamp="2026-03-01T12:52:32 IST" skipped="0">
  <testcase classname="Home_page.homepage_prygma" name="verifyPageLoad" time="8.003"/>
  <testcase classname="Home_page.homepage_prygma" name="verifyTitle" time="9.023"/>
  <testcase classname="Home_page.homepage_prygma" name="verifyHeader" time="7.162"/>
  <testcase classname="Home_page.homepage_prygma" name="capturecookies" time="6.749"/>
  <testcase classname="Home_page.homepage_prygma" name="scrollTillBottom" time="10.593"/>
  <testcase classname="Home_page.homepage_prygma" name="alllinks" time="7.155"/>
  <testcase classname="Home_page.homepage_prygma" name="testLinksNavigation" time="29.511"/>
</testsuite> <!-- Home_page.homepage_prygma -->
