<?xml version="1.0" encoding="UTF-8"?>
<!-- Generated by org.testng.reporters.JUnitReportReporter -->
<testsuite hostname="LAPTOP-9SLE8TDA" failures="0" tests="5" name="footer_section.Privacy_policy" time="38.478" errors="0" timestamp="2026-02-25T15:42:15 IST" skipped="0">
  <testcase classname="footer_section.Privacy_policy" name="verifyPageLoad" time="6.021"/>
  <testcase classname="footer_section.Privacy_policy" name="verifyTitle" time="9.981"/>
  <testcase classname="footer_section.Privacy_policy" name="verifyHeader" time="7.479"/>
  <testcase classname="footer_section.Privacy_policy" name="capturecookies" time="5.974"/>
  <testcase classname="footer_section.Privacy_policy" name="scrollTillBottom" time="9.023"/>
</testsuite> <!-- footer_section.Privacy_policy -->
