<?xml version="1.0" encoding="UTF-8"?>
<!-- Generated by org.testng.reporters.JUnitReportReporter -->
<testsuite hostname="LAPTOP-9SLE8TDA" failures="0" tests="12" name="footer_section.Contact_us_page" time="116.776" errors="0" timestamp="2026-02-25T12:22:11 IST" skipped="0">
  <testcase classname="footer_section.Contact_us_page" name="verifyPageLoad" time="6.906"/>
  <testcase classname="footer_section.Contact_us_page" name="verifyTitle" time="6.071"/>
  <testcase classname="footer_section.Contact_us_page" name="verifyHeader" time="7.325"/>
  <testcase classname="footer_section.Contact_us_page" name="scrolltillbottom" time="15.760"/>
  <testcase classname="footer_section.Contact_us_page" name="SendMsgWithValidData" time="13.124"/>
  <testcase classname="footer_section.Contact_us_page" name="emptyfields" time="8.576"/>
  <testcase classname="footer_section.Contact_us_page" name="InvalidName" time="8.739"/>
  <testcase classname="footer_section.Contact_us_page" name="invalidemail" time="7.933"/>
  <testcase classname="footer_section.Contact_us_page" name="invalidphoneNumber" time="6.939"/>
  <testcase classname="footer_section.Contact_us_page" name="InvalidSubject" time="15.810"/>
  <testcase classname="footer_section.Contact_us_page" name="InvalidMessage" time="11.470"/>
  <testcase classname="footer_section.Contact_us_page" name="capturecookies" time="8.123"/>
</testsuite> <!-- footer_section.Contact_us_page -->
