<?xml version="1.0" encoding="UTF-8"?>
<!-- Generated by org.testng.reporters.JUnitReportReporter -->
<testsuite hostname="LAPTOP-9SLE8TDA" failures="0" tests="3" name="Home_page.course_price_test" time="1.242" errors="0" timestamp="2026-03-01T12:49:55 IST" skipped="0">
  <testcase classname="Home_page.course_price_test" name="validateCoursePrice" time="0.128"/>
  <testcase classname="Home_page.course_price_test" name="validateCoursePrice" time="0.077"/>
  <testcase classname="Home_page.course_price_test" name="validateCoursePrice" time="1.037"/>
</testsuite> <!-- Home_page.course_price_test -->
