<?xml version="1.0" encoding="UTF-8"?>
<!-- Generated by org.testng.reporters.JUnitReportReporter -->
<testsuite hostname="LAPTOP-9SLE8TDA" failures="0" tests="6" name="Jobs_Portal.Jobs_portal_page" time="43.596" errors="0" timestamp="2026-03-30T14:50:24 IST" skipped="0">
  <testcase classname="Jobs_Portal.Jobs_portal_page" name="verifyPageLoad" time="6.428"/>
  <testcase classname="Jobs_Portal.Jobs_portal_page" name="verifyTitle" time="5.391"/>
  <testcase classname="Jobs_Portal.Jobs_portal_page" name="verifyHeader" time="6.687"/>
  <testcase classname="Jobs_Portal.Jobs_portal_page" name="capturecookies" time="9.023"/>
  <testcase classname="Jobs_Portal.Jobs_portal_page" name="scrollTillBottom" time="9.448"/>
  <testcase classname="Jobs_Portal.Jobs_portal_page" name="alllinks" time="6.619"/>
</testsuite> <!-- Jobs_Portal.Jobs_portal_page -->
